CLIENT_RANDOM 4820C3110ACFA00DF36276EF462410760BB31797F42B47BCB904C35EA2866849 65F0AE6F23C81F3E2294D76B6843EDB88A6E35FB952F7C0F9A333C2CC099B758857CBBC91EFD61A48E4B3DD9FB1C6B15
CLIENT_RANDOM 14D8F0389BBC32B7F95277A3E90137012C7872DF289B17F701FD03B2AA93044D 5C8DBE31896BE562E5BAAA774263C6F00FA6EDE304412B86F2698858CFDA80EDE219CE59B8E80EBCAFB892A4A764BB49
CLIENT_RANDOM D952FAD7CBE3CE81890124A0989F508AD1C2C7FB282C3E4F8748B11AC6F477D4 36CE04310873111633DBB36997D54F6388287DD4E72A7E8D6913BC8A0B8192E9A1087D6EA71C7C1388D254F6C158B5C1
CLIENT_RANDOM 62C6D5186AF6EB63E426ED2CA3F0EB85DEF1A983B2EF7B8775F04795E9D8C3B0 8E9DAEB7712DE4EB79E6DF2F440E53BA68A5BECB5EA60B61D912CF8949C354A07ABE529525DF16F9C5149AC63FF44060
CLIENT_RANDOM 75C370682649CE10B4D7F1863914A4F7278AF1B1A63A1966F24D7B684B6053A5 A3F1FBA295948480739C648C7C37B6106123B695B8403555F5E4CF5098C1C3BDE34CE62E582D64490C730CC125E5292D
CLIENT_RANDOM CE52CBA4BC0E6388F89BCBF6DF55E4688950C7ECE607BFDBEF2A322CA491077F 63BF0D40F7D265CCEA16CF12E4ED6BC9C5B5732D18066E0411BF2FFAF12BF5078D5474287FA368B784F9037C90D8B4D3
CLIENT_RANDOM BD9F05CCCD7A97878D05EEC76DF972072F031DCD0FB08EED34E0BC4243BA7417 AC1F1829CE21625FD271D03A8A662C6E616FD9B3514FC4679791680D5712FA3D113C5208C2891B79D2296E8670057F3A
CLIENT_RANDOM A0A1DF91EE4AACC563AEB1945B3E70EB834B30AF0EC191AB9B8C7AD49AB68CF2 87DC8EB264398D41FE0E173156785A80FCCD3EFD82D1B11B4F502D79CA8093B663F464F024432F092FC0F17C1A920077
CLIENT_RANDOM BFE86CF30F9A78B05484436001EFE45323FCC192FA10632E5ABE18F61286C675 423DC20E2B43CFD8D05D5002F3CF29E6ED126C79702E8ED818EB774AE622F48DBB96FAB1D6F66FA7C451F0C2E06BFD49
CLIENT_RANDOM 8B97AFA6727C05C6FF0BCDFE7FFB8AC940CBA488E775C80338D202482B12F290 C0EDA7ECE81B09F125A819E80CE6C379FE0BC241013EE350A2182DCBAD43456320B44F241C6EB96B9C7AD72CDE7C27DB
CLIENT_RANDOM 0A7B5CB139816786FD872006C704C9F6D32BF3D53E50515D3D54AEC30B1767AF 9E13CB0BD3B890910C2BF5521009076CC09F534BB58404F4B53B335A9B04113F00636F0C3C618FA41F4B43E2D2B6A1F4
CLIENT_RANDOM EE53DBF323E997914597F5359AD04FB60111291E15E470E217767E4A63E5C686 E79F04E3A35067302838A738C90ECE6598E25D5C0FB670A2F419B0479F35BE68EDECCE26A5DAE1D6A563B1EA23C24CF5
CLIENT_RANDOM ACDB559F45763106BDB28ACB412FA9F30401AA14D36703AAEF3D008AC79B05F6 FB1E252039F33AB55F73878DA558EB2874FC4687476ECD89519D94D5DF454319BA4582565CE6D1F9164B54D269BDAA88
CLIENT_RANDOM 0D7D8483C6442E810D24BFDF188506BDE4C70E5352EFDC1B6B52205424F81F43 9C1579A9566A16A5A31D6E8A8602174C9B2DCA6D28413D6F704C41C42E402B94452D3575D9809CC8F8DDE0D9112F2D61
CLIENT_RANDOM 263B261A6A6A3090B858D65686A819403AC736F4A8864F3A4899473C60BEBFC4 1C6FCD0734669B86E190D3839FCF6903EE97D3108C8164D8E9FB398068645AD7A981970444A6BA74BA91C148C4786219
CLIENT_RANDOM 0955A5B9C35607B81E8879FBCE205E86327D4774CE5EA609165168779C4E17EE 82CB211905D9F0F567D7FFF214FCD269F02455234FA72060CC0040F7F4773450E5DAC7181A50E834EC16B67FB3A09254
CLIENT_RANDOM 846BCFF289489895EC6E958DA163F595EA652F6091CBB9BC52EF62EA4EC5BF34 667BAF80BCB90F1A337659EB2835D728B6CFC9DECEBDFB08F584E891C5174E159E6CE39305FD4A1892B221BF3E8B0D22
CLIENT_RANDOM F549A43D43E5891214C5B06AF772E9F48428B19D4FC1355F6097F3C0315D5BA0 9772EB212A0436968D1A7781EC5922B74272780FAE51412E645BD22D1196E1F1E4C1B23400159B242C2375D146B7940B
CLIENT_RANDOM 13EE1D6329CC5C19595E72884C67BAB86AC5BD917C22F79DA512E1CC57A5A4BE 9969FD339F60140BA9BAE4080D62BE77B65CA834038EE70A26D5B46299A3098BEC4F1796A1655E2AE6992BFEE94C4169
CLIENT_RANDOM 5A732FCE8599181A5A358B6BE768D46ACE14ADF55FB9DD7D4953C894C0A0F128 E9A2AB80BE4B9BA3895323CD723548C006AC73F0128DCECDA053ED3043C2EE746C0989278A862002112DE6D979C673E8
CLIENT_RANDOM 006189D4EC3069606EB23334A2BC783E24F4B2C1ABB0EC0CF2388823CA4B654B 88CB2EF6A329F978D415D05D12674227E698D4544A0D36F4A5C288DB0F7D3CD686ECEA825A5D56A237A2699DF5DA57EE
CLIENT_RANDOM 1C42A9A681D84D7968DE095A045AABAC3DF886C9F9DC89DE542B7CEBFD35597D C5C7E3F420B2AA6C771D9CB8E5BE1AC9AC8486AAB9699F19E0BC8130E2A07BC763E4FB75A76CCED677A73473D8E25024
CLIENT_RANDOM 4285D3BCBA600C852C1D4FADC45BEADFA58BD183E17EB798B4DAE0A55A1FDC79 0591E67D6D5E18C3E3D81568D62CF03EA8D4C852262988658DE42AEB5C2A5B527E2DD92681C583B70B387E62C87218F9
CLIENT_RANDOM 6E62F6B3B028AE51F1B281C2F2AE91A313E981D7DEF3BB52560109CDE6619813 5B9BF4C2A54423AF0231FA87788581EA62D8CF55BF58807CABA3B4D209B272BD574781C342418BA158FAC93420A66988
CLIENT_RANDOM 9DF11C19B93E5ADA07B371B644768D6CFFDA9023963BC209938B6B61A3E9110A A8BA77C9B616D8BF32B4B6C4F07AB06B4100590BBD748316F51EE652046866BD0561F5D2BDA002D586BF32CA5B9BEC5E
CLIENT_RANDOM F912826609A2575924CC1460DEE53B3E71A42495AC1A0873373967C6CA8712C7 0B1C9963A84EFC75AD44EE79F158C92469CA0F4BB36AFDDBC26C0FB4E74CA487E2E1D7281E54B9AE33FBA3D514749108
CLIENT_RANDOM BD4F0BD70A6081B68ED77FD7AA51E8AC758B927F4E4F660A8686C15463361C1D 1A72DC35FC94391661D47D92F19E6A6C73C7EB74CA5BC43E0D012EB72D3058A8AC743314FC3A29DDB41D0EF6E2ED66DA
CLIENT_RANDOM FFE3F2AF4C939760897097C481BAA2E76F45A28CD0102CAD52D40085697DAAA1 6DFBCDDF55CC1169E076041C0D3D59E48872262241F2F7DF3E0A10C9B70FB9CD1764E4252AF77B6DB744A40881F0E668
CLIENT_RANDOM 3DBB966C8FE2DEF0BB7DD028C3480A9F893BAC1315F42646B45437A19A7FDAD7 3F09E7DA77FC537EC635EFC54A19EA5E63A5AA59887BE409A6B000F683263F27FB106486B929DA6F9FCC877B9AF58650
CLIENT_RANDOM 2DE3ACA6511A272F04D7016399F64B6EBE9910381A4F3581382E291285048205 00719F0396D12F4817333C95F9919088CCB492EBD54838E40FD160A292F67811295D8689562B827D57ABBB27F49FC694
CLIENT_RANDOM 1EF009E99B4FE137818FC4D73F6D07ACC898994B9ECECA4904648C0F009349EE 911550C59CD5353807352F8D8E9444F41CD592FEDF9A46BF2A02D50D69B5FEC119A1D4A40E4E2A23D76E7F4B81F15BC1
CLIENT_RANDOM 06F3C4DF18E0A8E087456DC9C1E7FD2AD0E7153BB49CC33854D4BC40EA6F2B6B BB72379F8B2C2124FE1072FDF99D02C6CFC659FE0A3D53DFC0EA80F6701CCFC2C84C06EA97BA119600F6296ED1DC1DB2
CLIENT_RANDOM 3931945B35598BD3D2BC9A9636B99381CD5EECC1306CC1DD2F399551BE1E7BE0 FAC6EE46A0FCFFB9AD883C053572258C469E9B7A3D275588958F9312CAD48C6C169F7E30114215044ABA51FFDFA2FA89
CLIENT_RANDOM 623F3E5B850CCAF33189B96222334E6A82758F37C2E2FE2B1A1F621AEF517F6B 1AE54B6635F4F48D3E51B5DE2E3E948A82CB7F45B0E9C3B140A47139F1A7394D49B6757C57375C25BA7BCD85E765980E
CLIENT_RANDOM D0E3EC8946F9514C9817975BC12949D8B1D7C4CDA727307683061F1397840BD3 97C35025FBEF4BB4DE6E9BA48B2EAB618B4F005F0F0CD24304DC8DC8DB4BF759EDBE878ECB2ADE0F0F78A7019E1908CB
CLIENT_RANDOM 5B47350C7FD23BC71195AB0955C4B301CCD75091607947C6E9B0EC7BB5DCED8A 3E70618F72C53DBCCB19AECF78D0AA2B80DA1DAD114506EDD474C28519529F6386E19CE5248CC562E1C23E20682748DA
CLIENT_RANDOM 34587565BC9FE4384D41D436228B6D832EC022331487988AAD59A03C17CD9280 614944D9A1D7B359B8B202F68282EAC279FA0117C02B44192F3E2CB4BA019EE757A1B92E4312B3F7B032F7C30EC8CA9F
CLIENT_RANDOM E21CF6CDA97204DB918A990770CE49477C63E9E0B87879EF5EBDF147DDAE740D E59ECFDF768B0EC134B724F8BD34F8B0E2AB09637192AA6DEFDC4AD299874965D97FB99174423E162E025A49B9A636AA
CLIENT_RANDOM 9A9D1AE6A32CB3304E3EC9D76FD71C2A8243EBE296BAD689A2DFB89A093B5F89 E39C06F60D509D9429BAAB0DD652F1387620A938B038E5AF7249070F81E3379387F4E686216F249AEFBD259A3FFB6401
CLIENT_RANDOM 49E8A4B34D87C5B6C732EF726C426DF7F3ECC090B96E842F9B78447B4FEDBDA0 CA263D38AC78565E654C7394F64ED5182A378DEE24FEAD133BD7637E6A5A839AC28C375D8438A1936042688F0414BE66
CLIENT_RANDOM C93F7B9B9AED14D721A60B422C2DC1FD47994D4BB3A01023B6F11D88E0AE4C14 BA8196DE39C7C42D2A0865727BA6D1C7131E4DF1B25762235C89822ABFBAB2789F054C72F57F46CEA7F9FB301D44F12C
CLIENT_RANDOM 8AEA08FE80880A259708C4074CB18D986FB18E5E1E31901FEE9E39907BD8C56E 508137388A5189D1922CE9202DF344E22871026AEB9FC66DC1EDF3CCB712F5F83E0D3ECC9DB9823D0D779F5763BAFB55
CLIENT_RANDOM C50203828E595FCFFBFE7A274023DDE156ED4A35332A1EB08E9A5FD608E60B29 BCD095B725FC0171AFE3F4829103067B32C95C59E1CBDFB867DE1609272887778612AE9F8FB31434EEAC6385ABC3F543
CLIENT_RANDOM BF3068DDD693887C9D951C9B2545C3365420C508B9739D6DD18201012B81BA83 AC42F13B5D134A8FEB5B8134A1324C43A3BD9DCEE6AEDB532E0F23E4CE5998A7457E41A504D25B032EFB74C90A4982AD
CLIENT_RANDOM F1C9687C4BE69581F7EAE3005636496F26AFBF774E6F2BB1B55EBB0284D27518 1C295E4DD5D7C9A1FF289B78945F45332B07CD013C44D693D64A0CC06352B408278DAC85C735B5ADD12D849446B2E564
CLIENT_RANDOM 6D2D060030C08E5EDCD1024A7CAB93E043BC0F6C5236B02C1AEC7FABD988770A 2A399E1D31A5D29FC01A5691BF1BF65B30EB237F3CE708DBAEA5FE95A301CFCFAA04B9B2913911DAF56237F52693119F
CLIENT_RANDOM BC4BF87DF548085F70449AB173199807EE2AFF087D8909035063C91A8D552F00 25C61544E289E86AC45FB3476BE4B12F13C17B45C33189DAF84924DC483AEA6D6DA7791B0F22420FD6FA0F5F781512C9
CLIENT_RANDOM 5780FFDA60C4DF83D017E550A90FD795D80860EB2F3A8EB2B5A6B163DC1C5031 15E344837D86472658D3B7335255F1852A4374E95A1869B2DE8B5B62661B2466F1C9F3474F14E35F802C1EAA3D4F761B
CLIENT_RANDOM DA0C77358D880E02B3E35BA6718C10712CAB2124963DEA76998E467B7B6262E2 49806F6335D153CE80DD990743EBB7507C75BFF5C106AB06A1544F0934AC2C6730441DDE17E280F4A60491D7D27703FC
CLIENT_RANDOM E719E400624C8B32D7EB771AEAEE6B332B44086DFEEADB856C6AEA4A3D932FD8 602C9CCD4E462B40C9E2FAD3F4C8FB775C2FF1CA680A555C950D6CFDF7D12C06CE1648653724609671D5BB5E225B5C4F
CLIENT_RANDOM 59FB4B70C54E79824D2E943BBA03F02DA5EFC273171D2172DF61B7A277E53416 60C5DF69EDA86BE3EF8BC8FD88D3044762D5E967A0E92B4CEEBA75F85F2112C9B2415CB7AF168963380960F75D2B643B
CLIENT_RANDOM 28488D0856102CE730FD1D9C5DB88E23CA61869ED36B54ED24DE4DB8005A7BA0 CAFFAC4CDC8362E870A8A20AE3FB2DC8160DD241ED8F2FA1384394AF28D0A4CCB7769F8CC99B105915E6A13912693FC0
CLIENT_RANDOM 27C8866F4AE377DEB52D4FD0F2CE31403F3C1938F5DC3A7225262451FFEEDC34 6E5FAD5A72987DCABDD76D3846FB332688F7C0E4923E2DE989C5EA7B02E4062A17F8ABE14F48EB00DC099A946D756BB2
CLIENT_RANDOM 403F4A37023D9BF5F3E4E920DEEA14F1D961B97A929E178F7C9DD98FFE14F007 E2A616D0F8984B78EE64E40A4701E40794A17ED7357A66BEF92CD6E332B0AED61D7FFD1905909EF85C557864D56C9C3B
CLIENT_RANDOM 1AE40C1544392644503E615303CAE10C318532451313F923FDC9CE7F6FB9B15B 202277ED0EE6EB11451232B5745C9580AE332FDCC5C99184C3278B652AB084781580A1BAFA222B7A682FB6BCDD749FDC
CLIENT_RANDOM D06C30F2A91E3586D2C35A7AA24F22222833E06C656B54BD7575C96E29698FA5 2C464E8A500CFFCF29CE1D34F119AD62696737AAB6A6FC85A5F00F958A696D22FD75C376809757CF42951B9ADD3B19CC
CLIENT_RANDOM F7FA28BDED7C013967D7D40ACF55357D037651DAC3A84F8725135535DAEF8997 543F9B9229F48C4298C698F32B0594189F75CBF534F2B90F5D66B8913599DBF1C7C738E87FAD81C2FB30D1B74F0E8CF2
CLIENT_RANDOM D295559E05350745A7737A84D2247CD28D7C90F80354E2B4C939A0BC37982AED C7053F732964191CC2E3D83B0D4EA2DEEC1E61FE41365925579519EC00F96A09785F82ED5268B9AC1D0AD8E745C802E8
CLIENT_RANDOM 1D4380EE382AA5BD18C279E06990CD357FED2AA47EE92C8D7F34EFD498842521 D4D1B4133E24F0406CEB2B26CF4CAFEA7718B66F92CB8A6173CF90D52F5EC38DB80309B135202295507A73D764E8C93D
CLIENT_RANDOM C6251FCC404A6E40FE710BCDB91C6D46403830B02CA362A65C044B883BAB81D7 68CEE24AC967314A8E2076928617FF7C357BD0112D63AFD9F51995D326A0A09213553EACE062A5694A60F7F28DDEF19F
CLIENT_RANDOM FAF1195C1FBC9632330D4C56B2120327975039A88780D613355321170895C219 3F1258277FE749895841CB629A3944A7AFA2A59BE184C9DD5298CBD2C1A331DEE001C083E6EE24884CA857AF039EE8A4
CLIENT_RANDOM E7C3F3852F4413949316F1C91EEE5D626C7B821ECB3F8759656C353A1183C163 371C509F41F0FCA9236E44F498EBE78DA1F2516FAB6D9E9F476BEF6A6C9403A7B9341084782093477E5F4E613F69E9F1
CLIENT_RANDOM 909657A9E325EEFA239AC6DDD1C6E8EC1BB7BD38FF27382ECFBA2365A6960E2C 63CC8FD4B3FB73635E7FDC41E831AA399A0F01882810466F1111BBA41206100B8945B4339073AAA823C2C02EAB05790F
CLIENT_RANDOM C69854B463B9E85ADF86E6B0492FB1FD78F10832E30C9F62F7FCC5A13A681A5D C153CD7550F88E69F58633DF462687B2634FC35D2454C5FC62509BC08774F354465F369D0902692A10B5385F619C1FCC
CLIENT_RANDOM 98600AB25079F72F89D49106EA0A6CEB0C2D3D7F921EE6A47329B5497DFF4B81 4C4F9954656285755C4542BD9ADF2C72628B9DA23D0AE9C8F313020309D4EBE982E2DB7103BB941CD4AB2C08499B9492
CLIENT_RANDOM B55D3A5A13AB68E1EB063D68FC793E836474F8846AABB75438937FFA7A1D7616 1D1CB994776A468199B6A8F3D6C2762044CCC9FABF0DED78853C69A2D9C3D23C455C600571095FB2D936BA67243E6D90
CLIENT_RANDOM EC575C4DC580A726F0D1DA17DFBB922AF713CD236E1EDC0A7FE03D73456F786B E0019EAF643194CC5A238B66896D89CE24BC1443F3B0939A1B755E564DD34681325622E0CDDF912FFB13DF0A4C563264
CLIENT_RANDOM AD57838D44DC0A575BC01B11118C7BBC36194ECD0C2830EB907233457B19A17F 416B34A47CD426DFC9F4A697508E544B476CE823650C578D07B24860EE064EE85F519BD6EA9B7C628FCE944B5268997D
CLIENT_RANDOM DC7A91B9791A9B1082684E1E2AD814612EF4BC86EB4ABF6916485A65D5B19B53 EB47B13A0312F432194D6146847BD8E3F477499E38DE3B7781FD4814DD30E6D8773502BC1995B51CFB868C717A1A98D5
CLIENT_RANDOM 16F07A944B88578BF9957329DC781BA965FBFEE3172927D1D1F0AEA197E839B7 A07CF23E81D340FD82CC03F65BF28FFC382240FB962CABCD0FF4034D1AC335C800D7CA95E66CAF1FEAA33057A721184C
CLIENT_RANDOM 1AFEFBCB2B90C62D2A50B7D8348822CB5F16771995A59D72CA60D714607638FC 668F832300C791A5B49FCC07B9FF4E6B4788F7B3BA66F3C7DA5237BDD642DF7483428FD92576CA974FD6CDF48DA04B13
CLIENT_RANDOM C2B1DC9B99E04187397B0FF7F30F0B7564B443A6D749FD5E51DE9E2378D199F8 D2EE04FEA17DF3672A98AFD1D6FC3DEFF2807BDA4A4D81980D865C62728F29C9B73CF9EF2BC48BC2EE71433FBB0EB748
CLIENT_RANDOM 402627BAAFBC3DAD344867469C23250E18E2C1D056D02FEA0FA70A70B3CE2ECB FD466768CB0BF0C108DC86F5EB5399AA577F65383D2449C1B02C8D7B07ACD26B8536DE037E8593245EDD57A1B83E06DA
CLIENT_RANDOM 859A67057A533560001AE50A5A2675124C985EF2D51147A6E38650138B424796 30D837095F26EDFFFB79CD868C0AEC90138D4BD3A3A3A9345D9ED0AF703D415B11049160B1A2E32696EDD8A5B5ED534E
CLIENT_RANDOM 885425BC851A9B839189E2548629F99FDC50B35D3F5568C883FF1F901DDF746A 21590063DEF4E2344CA3212ABEA7BA113BAD43ED3851E7A1F75F587266B093E2F1506FF3B6604C16450721F6D37A7484
CLIENT_RANDOM 6C87CBFA53ADC75B8351A9FFAA835029451D807A4E443787A3F445E98BBDEEE9 17B8D7E1AE05641D7ACE7738A67FB5A4BF901240F9EA19619F4265B9670C301E8B765BB32267A2F3B024F6133EF509CD
CLIENT_RANDOM A22A5928E463840F1AD629B736C3F6EA6A073BA374F854B2F22CB36C70D61A41 466219D9131B0E90A321EB1C52E3A8BC80B5919840EFF66877637FCF8F6E0F41C6A7CA65DABAB28C4C146FEA41FD028C
CLIENT_RANDOM 2D309AB9C270C82F922C70956C676BA8E3A567913B8DAA56254D1CF88318430E B9084C7209D7CC5DB1163FCC649D20345753D61B97D5941B421750A2827BD594FB67C2FB7383A53DF7881BC38ACFE6CB
CLIENT_RANDOM 0617F2D4EBBF82FB133FAF4E4EA04123E602060B2B12C1C34D9B088979ACE7D2 4EB4DE50A53AA609725CD88C8AC4D2B0B891CED87D1B618A06D4BF57839DD91D5308D2E65CFE3F98F572F5B082BBCC1B
CLIENT_RANDOM CCEF5D08AEA2B237ED18D2AD191ACD200E93BC288431DAE6C7E1FCA081B79E7A 95740B943CFC35BA22EA26840450D1BE12D159084FBF4DCC92DF7161D61B1B67D6B614367F1FDA1FC0CEBAA648A85318
CLIENT_RANDOM 6DBADC1004E95A779FC108A324E40A771CC65A8B3FE857CC9C1BC7BFC8FB8E73 4497E62EF3B8911D5D935B97080B12540B2A9CD995F4411AECE57D8F35FF7E9626720D43D9D54D7A0A20F884446AB59C
CLIENT_RANDOM 47D9C07DC32E21D8E5B4EF66726C0054D7CD3E1907A2099087A54DE5F9D7D636 E6EB54EB8551FEDC3370E2BC066D6B5F9BBEB35CE209C4A5ACDD4FAF8199F26220286AA9B358A10379E4ED4962408A0C
CLIENT_RANDOM 2B0E9C19323919DC3026DFEDD27BD9ADD5B5554A23DECE8B07686E45583C4942 4EEECC33A22DB41484B776905219403B47B35730ECF0169E7E00B1ED890BC0D7C039D91A0DE4398779A6D424D272F4BE
CLIENT_RANDOM 6557FE4B5FDA68FB345C8020A32CC94708D31F950BF4B33AECE9ABF3F65FEC9E 28C89195B8206242DB7BC556524214B6434EC26D62A2D4E3A922CC8F7D00E9AF25BE05A844074C2B2BD134D68008E3AA
CLIENT_RANDOM AF46731C7D559D06DFCBB48F7999EAB4EE18215A534AD45D2E78DDEAA4F2AA6B A548835F06165810FCF1179E257B9F5490760DC4E20C890F4DCBAB543545C628C444BEA364D77BD9659CB8AEC2E49728
CLIENT_RANDOM EEC4278B985A10FBF7C53B6283E37AD34F8DADF569001B2CE20C74261C1BEAB4 BBEE5F3582A338A20DAAEF10311050E521EEE4C3DBBD47D962508533EBCD49D9F14B51D67AFA6D0C87A8A254CF48020D
CLIENT_RANDOM D1BEEF304A8A7B020430FA4557512AAF7B19CD7DE3D1312C736200EB7366C6D8 2D8FB6198573DE6509DF16ED89221DABD03944245A8C6710C65CC8EDF641E186E481B3331003CF1075D4B45820BEF3ED
CLIENT_RANDOM 53EC84DBE63678B10E588325066E819824845646E55A142E8121F8E74DF4EBC1 3FE1AA8A0CBA52F1FB001516780681FBC81CEC5646CFE72F1A315AB85394316FAC9ABE62034743D9327E15C7AEB9C9AF
CLIENT_RANDOM 937EEE040A65C636D8DA25ACA20D124AEFF361B54F70621EF38622EDD6A70D08 57F0D2C7855EB2D0D9143A80F276777AF65789FF9E7B64C9B78F0D7695091EA8F4DCC72B09818D4935CDD24AA3D687B5
CLIENT_RANDOM B417AFD7B9A1C895E5A2707897B66D50D61105FECAE7DA885CC2BF79A9B30DFD 83D67171C1187CD9DA90D77257AD0D54A2C2DABB983A5D3F4C9CA9E79A193A65BC94EC452F096B839C31D56A538EFE7C
CLIENT_RANDOM 180D67BDFF5D1EF9D607DEF6E8129446228815A09D6C2F85DD73522FE45E16C7 6C63C5FB91496F0F9D8A7B7A6C5B1FC493C6D45F1556EEBDF106B163B2C8E66F7077752C088DF3178CEF8A2DA3617B0C
CLIENT_RANDOM 8FBF5F237A6C44F18D8C7D1662043321242EE99278CF1C797AE721BFD12D8293 759D3451F9D3FCFA2A449AD45F935909A20214D499C1242850B30C9DCD6AC9E97BEAC570297FE82B6693D0711837360B
CLIENT_RANDOM AC777B6727BF28B5887D5179ACB2BB6AC425FB46BAD1D2D0E319FAFB90A549D2 BBD038E3A051B17BA850FAE8D088C4D3FFD1B1E42685F4BA47BE518018297B448ECC42FEB777DAFF41E19E90EB943099
CLIENT_RANDOM 7E51A472D638A2A266971D66E5625F6A37CA1DE1951CFE291337D3A61AA5A642 1D4AA3D2ED00047D8DB16BBCEC581668924BD480F15A7E4653AE053A868CE9DBE8A2A4DF8CB8ED57CD1C684C217A7179
CLIENT_RANDOM 75D23E5660923FC7AD48206079499B10285CB7DCEDDACBBD05071D289A431B2A 81F6D2A5C280A13FDDF01507BB12882CBFBD395A0B113BFAE9018F41E7CD4B61D525CBD265800B66EF08F2D7421C8D20
CLIENT_RANDOM B4CCB94B38ECE4900F95ECEE589DB86D6D49E3722D5CE77360F10EFCE1087861 7858142B90CBE987CFF027BA0B6897BAE884FFB040687A4966D9315D23B8C298B791AE51AC0A4044A4EF9BF6E7E1529A
CLIENT_RANDOM 9DDC20E6F0EAA4570BC38FBC122D2DCBEFF1545BF2D1329B7B4E0C53E8A0568C 3FA503FD90D0053A68278AEFB7EDC682C6D976B298397149A257D6C158B87A942E8EF86C4488A9782607B5355772319A
CLIENT_RANDOM 6F70D34031BF3A0A1F42DB8B02DB5E780C475D4B66A8AEC22258D6D0956A9029 E297BEFACEDB5A547769B11113127717B5B77CA82A82B789531CA8A9A61024B40D615922DACA0F2B2D254DEDD46A3AF7
CLIENT_RANDOM 71EE8F49ED5CD49C63D008B0C1E0165AEFB9B01FD22D16AFBEFC9347D60EE43F 53DA80C0280945EA054AB9B504F32E20D93B85B201E52D54633265C9C9EC4AC99BC585E13414AD579B6D01902E42220D
CLIENT_RANDOM 6530BDB2C7CFA66F5F1DD85CFA2A194ABAA0996698231752AAF8BFC2FEC5E3C9 F8630C5E0C3FA07BA2E1780E67FD5EC786443578AD5A989F2C75EE172DD28FD2D4DE8FC698CB64E6278A3E6B8712A3C9
CLIENT_RANDOM 982FF7EC219D0C9DFA372F799C11969A86C2BC19661985E390F38814A1C4561D AEB31217C34E6D7F06621450620CA8D2257D7BFEC2DBD5B8012E311B15AA251868CD9866B46470CD94CCB8532AB6E5CE
CLIENT_RANDOM EDD21A010BF8D1EA9F5DF4DE02DE7EEA5F482AE154CD3663BC55164D0C474358 5E2F5C121B3D8894AF48870A3C10B0B366961C22706DB90819DBD96813F9A65594D423016A0B33C63E1FB08B3C5A5951
CLIENT_RANDOM D47767338DA84BAB98E69ECB4DA724D7286E37222E21B287F5E798B5AC3A3838 D3925E9DD6002DBF75BD77DF9532633244C13F2DCD96691C9767ECD36C400F386F9140927BFB53D2CE26FD69238B6FFE
CLIENT_RANDOM FC0DC9D86F8EB57F2BF79752DADB0A1AA6733F0188D47DF88C2E863866F15D3C B27431B08CC0CE29D6B4BF991C092C02D87381EC3AC997EEDD2C79FC8085DEFC35751300E985DEFC2826907607ECB56B
CLIENT_RANDOM 834B601FEB298E46A5D1A8A6201EC532581592F8DBC7AAEFF0FD1320167C859E 7365ABD8BB240446B747F4D234E899838F94C402469488972920819FD5238EC6C709CEB6398576D2B9FAEBB13E38D981
CLIENT_RANDOM 136D9CF2F396E60F270C985F741E0EDFE3AB6D5A06BC52C6B7CAFFC0EE0BCB10 ACE128ECABC2FFBA091A6B923A755350042F9E45E8E05ED37A007F3D20C7349DD5DB182FF9A5B72A98A38F2F42EF52D3
CLIENT_RANDOM 62AFA7232F135292D8269E46906CAE179108BEA035075B4527FCC17E737859F0 C4D8781C1A31254AA7111A3D3D6ECEE09397E963324C7323C3C1259598296EDA771B33E5D1726541168F67329D5C7336
CLIENT_RANDOM A28B1A8C785C0D7DF7B5932B1795BBDAEC80B5F9AF7A86223978CEDE1058DE18 897F0454AAEB15069290DF1EC5ED28301C4128891DF375EC8950EAD15C71312491EEDA92392EA51B2E83D973364BDAA1
CLIENT_RANDOM 73DBBD602AFAD8FA7292B20D40F50DDB0D62781AC9870095947D0331C9D1C089 BF15926DC521527325B036CD5FCB1CF2A12FD02D2471F68DED9DE387E0AA931CFDF4DC8AF1A0C75A59D9508E8F96C46A
CLIENT_RANDOM C8C26492A8CE132FBB5E49E378E6AB2E9CDD0BE848D5BF2028B44A68CB7F63FD 2D8E29B7B4B691041935A44259CA4B2BFBF7454F03CBA0424BCAF7E2DBE9424E11FB85C311B19FCF8412698865EAFEA5
CLIENT_RANDOM DE0D293A81D9E98AD007BA523F0640637EFC6876C20CF8616B0D00AA1AB44B3C 37688E39B316D4EF75C0726877539EBD24C1E1ED1315899528AD76B25E7AD8D0BB83EFEE77D3EE3A2429DFAA2E1FA9E2
CLIENT_RANDOM 4575DDA8BF457B5AC5D4353CF7A3AD9B809A54EFA37F1BC115586389EBEE1995 1820C981751D2909BF92D65575EBA3AE6ECA1939106263BF8DB0FE6DA419024DDAABF51040731B13FCC9505585B4E7C8
CLIENT_RANDOM 087C3D0F9D581008DF949ACC7C3AB2BC5880F699C7B06426CE95B359118744CA B531616351DDC2AA22D432ECC284B9EA8BB365147B7D850C85142A490B3320877E50E7498D20F359257BBA1802A7E4E5
CLIENT_RANDOM 213A924996050E2FED9B4B3005A513685833500FA3161B85D7F51FDD24086303 F4B43D388661D9CCB0FC8F1B90D2CA436E2EFCEBA69B7C8C444F5EB508228C34B93028B6256F7D44FC86BC70D56C0819
CLIENT_RANDOM 773B65D7DE21A2738C5809F8777F0D65D5FBAA60752EE29938990A08C7BE4A33 BE67C8072B2BB40867E4F307081F37CB2195E088709C3BDF81AD8AE50FBACEC4CEC030A46B21B87FCF5C4DBE6CF7673F
CLIENT_RANDOM A72F7F27268FC1AF74864244ACC3B4EA0C51D57F0F4EC1B909F800CE98B6FD84 606FE4B051BA082856B794C7602F325E75364529F87E3DF41DCDAAAD8E98B5D436B8D4942CE6E002D16A0BE74B0D162F
CLIENT_RANDOM E7FB872B513FB072CAA5D2E32B9DB6F538EF909FC13F22ACF798C8F285A264A0 1C69875D01463BBB7346CBC645EE04488A089A81491A33F71BA1987EEA8CA9A95EE10D010CAA471254E2F02E0A96D8D9
CLIENT_RANDOM E0C12FBACD15ADFF552A0B384F76E3C127C472247194D1632B2053C71884AD3B 31720803CC8EAC0FBAE248C22BB78EA2FB6D4FF63EE0A117337C1567A54FD7BBFB0A9BD610BD7937B829A3C490AE3E17
CLIENT_RANDOM 9AE6D2521C7845BCDE340D635F19F4A6ED40B300EF4AFCE4E5BC9DC72695C53D 694DB4DBC72BFF541BEA09C5459286E4A24887444120E2ADA0A54EB20688DAD5F1CF29D4FAFD6A54E649C445C47E8A4C
CLIENT_RANDOM 2FB1C055AE1AEF3973AE2D4052B08B602A4D67806C0817C1F7879FDB567C9765 41F0A06E1A8C5B8BA3C32B114FE975838F6337977FCCD2EFBB006BD68DD186B711F90C5FC99BD7E865143F26AB8D56B5
CLIENT_RANDOM 55F6BB711C039856DC582FC06940BF720A3BDBD77E9DA8B05616CCF0A5B5D68B 8574FD8661592E3EA1375D953FA8166C52185B4AB281180EE830429B9727C2CA2C3B8F371D9DC1D4D928C885D2B65F01
CLIENT_RANDOM 7E974F0488C419B1663FE4E2EE583B2FEFF616D07A4D7B0F280C303E0EC1E11C 28BCF79F6D0EC7C4BA970ECDF028D99CCE92021051515AD54DE76632520BA84A9E4E27A1B73E336FC763AB28429845FB
CLIENT_RANDOM 11F51503B7055437F9AE851DEAEBC28FCA787CF9951ECF19CCA422D740E238D4 2FA005F6E2F72E86B2A67AF7A969024E44CF22305F143DB9BC136E64DDFDD9DA9E658B627AAE9B744968C95AC8A56E3F
CLIENT_RANDOM 9B4FFE72384950ED9C464B550ADADFDD1A50063BC4434C113B0A3E01889AB837 7C557F8024EF1FB435F60424E8B95D5C1739C7DD7D3C2913B5CEBDFBC5190915DC21653C44130A620280B2B31A242B67
CLIENT_RANDOM 160C79D3BB97975F8DB802719BB54F4053925C2E63A8ECA226F800BE05F9489E A6BA062903D5ACBFF69C3E5EBE87E739F3764600ABA57707AC4F20AE223936F13FD6D91E559672FE26CA0BB27F02BDD4
CLIENT_RANDOM 7D06C4F52A91E016E2DC7A723326270CB2A71BB648740FFA67C801CB75423496 119720B5471CE1152193202B00829380E1C02C4FA7195976B75F0F9DF63F8B8E895635095079F634414946CE5C808518
CLIENT_RANDOM BBF7569543205B53BF1F781ABEDD64CC3E6BBB9316480E39EF01849D0102F51E 845C372DEE7C9D306BCF80FA9A98D97900186A9FA91FEEED4D9D15D4DA8FA70F53694DAAC65272AD6B20DBFFE5D87754
CLIENT_RANDOM E30FCF4D45747F48F3440B8E5370C0CFBF166884123FD7C8D32953FDA5500707 961EAEFE309B702E5C5615DD6E23562D0912E35F9F0BCF78AF47F840857C34D80A8660C50C6B3FFD3C30B06CD618E687
CLIENT_RANDOM F5AA77233023A2695D01D1B57BA5F4ADCB8815E0EEE131A6FAA25D3BEE7E3C0E FA5BC078FA891A873784C500ECEAA9800263AAD9B37AAE6E4A6656C5456E5DB714B284493D3EF8F29FF04D5F234B75E8
CLIENT_RANDOM C0167A9BC2FC70B3CED1488C440D68B2FCAC751750D44949C40A0ED8419CD64A 4B7B3652AB176C1942D85A67EF319F4BD7C60E9164308CF6E32ED7368FDDD8C3E7EB9AB39C01697AB8C78444F1768617
CLIENT_RANDOM F5535589E3F8814BB14C09D6D17E24D497F6EBB57FEB58531725D75C40C85012 0AF53B4AEF64E43261F032CC2FA773ABEF626C949A44062AEF3EBBD5A7AC4EB1A9C006567E2A4FE792E3856245E889CB
CLIENT_RANDOM 41548A1608F3EDD6BB38C40D9BD901990C389960D2CD22809E1C4B85075C4FA6 63C325D919FD82F599DA8C498095E8D2FD910C99FE35FBA55DB022EBA5B4BF2017DC6B8A2CDD8D8DFCCAED876541D578
CLIENT_RANDOM A918A87E47EB01D7DCAA2F45E5647789E85BC6BDB9A110E9C1A9A114ABB75494 D9F8D01BDF0784B655810D8E5ACEBD5E6C2DAC153F08FD926B998570376C0F339EC14378DB7F077EB6E6B6FCA7D8E002
CLIENT_RANDOM 4ED1AB13E8041547CA9FAB2D08603105C919E0B1FF2E961F5CF7DD8FDCFA3939 0B977A6DFB04145EFCEA0195AA4596C652BC942157B5CE44C72610E4EEF9233C9D6521AC7DF56B6B78A9AB42340F6696
CLIENT_RANDOM 7D4FD8978E69501236DB22D55CAD499AC14A168E1F7B2FA6CFFA48ECB7B4D3D4 EA145232E56D08188256814767B696692C1216F15C327EA54DC6875C6B2BEDFE255D7CEBED9965B88D62CD42621CB6A7
CLIENT_RANDOM B13DA3C8F6448F14E66D3AE0345C9E653506B961DDF8F65E23770D2640465958 D220B70A029C8C67EC97A01BBB036CB0544E0178DFA3B7ACE3E43F0209311C64F12B83C240A2B64DCBCB81B9404A3FF4
CLIENT_RANDOM 3EF784864A0A3F6BE0E20E42571D599C8B3DF18832CDCF7CBF5EEFBB25999BC2 D6D0F983C55A5C00578401E93F368D9AE34491D64A9F61D0FCF07ADF5BB76C8E2AED8C0ABDE70D2AB2C0FD4E63E0AF6D
CLIENT_RANDOM EC3757251A3B8964828D96C1BA2DE6800CC80ABA656C74B0509CAD044D3D68AB E5DD6DB196F485CB2AFA7C48957263557DA14CA0065FE00B4474C4E296FC29232364B1CA3F3608E78D2FF1ABA4052085
CLIENT_RANDOM 28D12FF3B996906BA83AC17BE5B969491DC2CEAF85AE7406960485A8F0886F8D DE6A762C7339935F9CDD23758A567657EE67CF817026CC1685FFD62627478F3D98BB89E1B1675D897D77850E1A9181D2
CLIENT_RANDOM 4DA1554C51A64191C746F0290835E144FED2D7BE609B9BE62436087A0D0B560E 949924BBEF23CAC3CEA419D692A3083584DCF9B0371A6E8311E913CC8857EC4D7629036A7505DE2ABE8C83096AE4BC72
CLIENT_RANDOM 5425F8F42C836ABDEAB7E19BF92439259E5A12F15803C33D055F593E9BEFA8BD 746DB434F720A1E65FA5D4990C7BBBB002FEE82B844C7A99AAA3F626F6FCAAD4E22CAC1CD119034F32B2A0171CCAFC42
CLIENT_RANDOM 242E95A7B2DF68262E9E1D35783F4984A36B90A4B1626F12857A2B62E7CF2625 6F6902BA8AAF60E4E8F94444D2A2B849FC8ECA66181C5206194538D265C75537330DBA022A1A40CCE99C64E539726CDB
CLIENT_RANDOM 399EB6B51BFE03A944853DB715C59721D10F2639F5428F554881B89A4E233D87 4CEEE34A1E73B721DB5747266FC39C3834340C40B020E2AC2A8F38FCE3CC5859A48DB8EDAA7B2252848E57914FD5EBF5
CLIENT_RANDOM AADD3A37E733D4FF5AC2C8370A2ACE81FBFF3A917EECF2BD991A31A2FCB66AD9 4C3E8F064198347038FBD645C71FE12F06578827B6E9914BF790E4FF152B5F1DB585A430594E93FFA0E47B2007F70C8A
CLIENT_RANDOM 17DA3E6D3C2358AD54DAD762858A3D3E2E2B87D48E567AEBCCEC267F4DE4FD88 05AE4A34089353B5CC40301ED04A576BEC7E740BC8DD7D024F4D7E00EA61ED673013255C7E70774B518D33A054344871
CLIENT_RANDOM 1842C0365C811C72FF38D82DD4ACC452C021D194CF2BB9B135C6F091B9D534D6 09CDD2C2008D2A3D88D5E1047064610E0F88B64F926788A7BE6BFE4D9A15BAA3EFA208C3B9A8B3221B71556149496B28
CLIENT_RANDOM A634866011119CD97F7AE69545CB63C294AF49A260291174C61B6663A124B0B0 A070215775E700736E2B9E613794EF66CCCAE0EEBF1480A788709931C614980E71A7B903D710379E5B2AA21CCFD62112
CLIENT_RANDOM FEC2CF56CCF2488CC15A6CA520EE5473638FB8CF52D7FA2358371240AF20FEC2 EA4C3827D0A8F22B2EAD775C70A1A645BC58B8F408850210D65F57E25514874F0F4C834862E73C8F3860E126D44BE337
CLIENT_RANDOM 5687527DD47FAC76CB860BE8A3D7DBEB80B7ABB144ED03F8BE34137456A05E17 782DB25DB347EFF9732676F1A750DDC3B12266AD1F6CF7A2A0F19EBEFC57B0C3D5D3FA9B032FB855723A0BF9B5AF2CF0
CLIENT_RANDOM 0AA1FDA2559D12B2DF289EECF1FCEB632C4F1C918FEFF2C4F5AF0C47F4C99818 6021CEA21CDA4570CB5EDCC565653ECFB027141DD5A22528B1D87949A187B2A6BEA4B00CEC3B88D893D80DDFFF210D85
CLIENT_RANDOM 88F6C8F8B16FF973E5A6EC18FD2443C4ECCB9D3F41F7758AFBDA0D645D44E4E9 4E88DDF2B63BD45D9FE204875DEBAB7CD11E940EEF82B7D728847A3BD7EA5B2DB968E767AB3B6FD06B328287A97592DE
CLIENT_RANDOM 60B9DC6AC7FB57F59C5377F3DF079F203DDBB4B949B0E0BAF64BBADD25821C9F D25D494D6C3268EBE544C3667210EF4A24817D71AD9BCB205E8073041FA0A685A93BE237C62F9E2E3F722C71850E9050
CLIENT_RANDOM F921766D1EC03152ABBB483234810C749821FD28EA20EA77AD668574A84EFD2F A64F8D723134F78995DD1E516DF1EF97E69E4B76DACDE4CEEA04A995E81276563C0A2EE5199B402773E5877E41267899
CLIENT_RANDOM ACAC33EAA145E38E22933D64A58D2BCE17646124B7D320E95E4CE6F2987D2938 54C0FBB81A1373DCC4B09AD5D2F6B392B2F5AA7C7E352557285107775AD7C438032BA5087982839596067A3EBA87BB4D
CLIENT_RANDOM 00998D204F8D75029C2D75747B974B24CF40D0457249DDAC192E8E8DE6D495A0 CE5F2CFB865C08FB80D6D047A35586017B0063C1B2B2ECC9CCB030A2974F46E6250853887212972826AEE5869A77DDA6
CLIENT_RANDOM 902133118F98573C4500355BD3384585ACEAC05FF696FF18A8950EE36DC57610 73B13F2E9A46FD6FD84E41710928934136ED870F39C713DAD01B1172F62F283ABF9187F74D431D15C7EF98BA6F1DB0C4
CLIENT_RANDOM A2381C590E3C7EFCF20743C434A64171D3D43686B6041343A525CD821E30D2AB 093F8A145A5AE75540A3CEEB197686D2BCDF45F3F27F3AEF25733C313D0AA871FB325112A9B8D474E3C1BDE96835F8FC
CLIENT_RANDOM 46647213D5525FFEDE16B9EFC87DC1CB0CF9525CC7589FF36D9EE9BF9844576D 14DCBEE4079306EC5AA13AA4A7FB716C6D9245B17A66B8A0689AEA486690DF1DA60EB8BB61CA0911C4224F5240946453
CLIENT_RANDOM 4F63E89B4B416FF96AEB4656B2011EA10A4D61AAA8C8F668DA8F9B3501B897D6 38E1EFB0500CCAB20D856517FEA521BDABDB3F7D372B5D41BAE3AC739B4703BDF8B203186552B47ABFD3AC9FC5FD0520
CLIENT_RANDOM 7AE56E7D14A50FB3898DF38CBBA88B18AA9E40F80337DFA77A152A581844F6C0 0C6EE013CA6808E175BCE9C442B77A339C32C1EA09DB1E341FF9C8C6B2B5CE32A0EE9FA1EB7B7F5AAD3142C03E60BA66
CLIENT_RANDOM B4088EB995F15027F1522093070EAEBF8B16FED765078B5FEDD9881CA214E59F 49CE6C466B126DED766F5B1854CA79DD011B42BF82A75EB2236B508AC8D7A53CD378A425B7A8E730376A8D3F1FBD10D9
CLIENT_RANDOM 24A2DE792B86ED76584B7BEE929D172EB2A9CE1B2023634ABE652FE05DB9394D 02132077FCEA7989FA633439B7728F88ED8D6C3859E50014C5D976324EF855CB2BC51CE7E1A120908F091FA57E6B1375
CLIENT_RANDOM 753B0D8420473C62CADC010AF7248467257D547F8C065730B46B91F9BF85AE0D 3B7A632770A153B9103433AA0EA012CCCAC5C196A64B3899C23D2F82A32217671D24EE2B923BCB58F154FA6879292744
CLIENT_RANDOM DCFC6EDBD6DAEF56CEA4AB34E6FD809ECD2ECAFDB546332817EF4A9F96EA8773 9282937C926FD6A3A39930A3FE3EE56C8C483413BC423B570FC37E778807F617A7878DE74B9956EE9FF08B7D9F6C1ED1
CLIENT_RANDOM 9E769FB1DEF277C22DADBD1C22204A1446075105D0005D30032538CF4D6A7092 E14E57AF79DFAB33BC5B7A61BAC531AF910EBD0339484625775F7F5333FEFEE457AE61DF9BAB483E4D2E6F6D3A36A749
CLIENT_RANDOM C47941BCCD13BC58A49DB2DEEC13EDCFF6F0A3AE0116F19AC693E5CE332FAA07 CC36E71CBA3D83653FC2F68EA9100CEE040FFD1E154AE36F7ED59AACD0717C8C99A3BF5F67BAB417E079BE5293C27E8C
CLIENT_RANDOM 3CD47C8CAF774C748013584FD6335F7F5DE950342F62CDA19F48A94ECAA8D193 04A9DEEA3FDD6BCDA09C0BA9B096797A21476A96CADC32E1C79F72D89078D5B7A8D8C3372A8DFF12E11C3CF67235AB75
CLIENT_RANDOM 1E39271383AEEA4E3C9160584AFE721F2FCE5B96480B971AB7B6604B4257C74C CBAA16257891893697ECD696308D6A6B35E5CDBA12367D254C5FA4066925FD386C3DC740238B4487A91D13EE11B7FFE3
CLIENT_RANDOM B2618C634B164A7D95FE6B1114DC7C9640D3639D29F5AD9BEB444BAD37CC2BAB 5CE8F0009591EA155C34363850E8D4D093A8349C2BABAE1F12F1D725EFBCCCB981F9787EC84A4B7F2A45E69B06A457EB
CLIENT_RANDOM 0E5AAF355858DA55F2CAE4BC9BB8041140E17B0680D28D6CEAC6EBADD34EC678 B8236D157CCF2EB44560B0A914755C9F35B71EE1CDA9945C340F20FEC8A225D3802BD03133775FBACD705E11DAEF6B03
CLIENT_RANDOM 8D7E6E02D99FEE271A6F8A01933C7270B06FA81E335ACC8F8D750CE2D82E2CB8 322F6BC7BD2B9300E213238359629D4D076A41055C7BA86D0760781664DF4E715A7461F3D77329DFEDA3E93710664464
CLIENT_RANDOM 64F8A640657CF210D1A7EF28575DAF6C07ECF233B957C059B2232895274E40BA C4690CE6938E73CECBD5496336C8D0D11DCEBDB1C7EAA59E1FD9F1FDB36418E6DB5B2D8DC071D3F6F6543806CA7338EA
CLIENT_RANDOM 75E672A28ECEC4B70B049CDDF9B4A19A3D7EEC7E9DA373A08480CAAB65AAF13F A6D6C89AF84048F764667044D4E0EE3485304C5E6BA8CE033518002EAEAF2512D25A7F247C60928ECD1947BB8CDC03E8
CLIENT_RANDOM 86D82A9709229509F1A698F344F55BA3E8AC3E0C5937A44C5605D0F33C9D5EAE 2543898D3F3EC6A1BB583DC85C310EEAB5EE70A6821E3CDFD8624AEB1943F891C5CF98F01F019A4E959414815C525723
CLIENT_RANDOM 38617757FED5AB779F06819490399F8AE2615335D3A034CE36599A8F87CA950A 5FAD73B1C21413999BB0335C04F47547B0E68261819C2F5FC5248CA4A69675C0E01AC008829C5C07118D82BBF01B64B2
CLIENT_RANDOM 66A31180D795A314B55EA0C96826D2EC292EFCA7332017CAA17C3CAF9DF31F40 02DA72898CF17B6675D79E62D4B66B469162121A63FCAD8563D63B4DF4C204AABC39F75068709B13DFED17E11F4F4016
CLIENT_RANDOM 872CEADC5B8D87F000E3489172F6880F3606D9B7225870244EF85F8272C52BA9 D449F39A549CDAB0A5BFB9D3C699FA74BDA5541BEEFEE11C09C763F0859A0006F51416B5DADE18A8A44D24C193BCFA5E
CLIENT_RANDOM A9BAF5A9833FD302794D4809284CE03F44B2D5900328692AD4C05476B6AB8181 879307E9D591784097E69404B136841FF03BEF18EA692D7A9E85F58ADCC8FBE0AC2BAFB16133FF8F2F788765FE643B97
CLIENT_RANDOM 5B4042B517374D71EEA1BBFEA44F7B9029F016CFD7E56B1E418698ED663E03CA 311194A1E4782BE4E8DB705FD38B8F2046FBD8706D939320766566E6C98B08D2A04C14CDFDF9EA8F896F2348FCAA62F7
CLIENT_RANDOM 78602EC6934F10EA9262699FE7019CE7ADC5BCEB2D6741BD7AFFEA20ED14275F 33A179C0490282099D0A0D9320AA2292C2CCA41A8DF38BBFCF8188FDBC1AF82A8FB2E40DFF8B6F1A4986369494F118D3
CLIENT_RANDOM 5065EC6E62F9ED7445AD011AA9BE57CF0B73333EABA3D5CD3577616926C82CDF 7A39EA28B9E138330C0229AAAE8BEDDC3585FE00C85C3CB8A0979B95EDB133F1755BB72E69491C9BF5661A591B3A63DB
CLIENT_RANDOM DF767DDB334815498E41CF5DDD716E7CE34DC40EDBC4806BED4AF7372A9EF0C6 589FFC9C527AE1DC50BA04F9968F8D280CD6E7EDADB923C07E19E3D5A85C8B6960168212D1A73ABE760E2C65759F4BA6
CLIENT_RANDOM 11142C536FB64E79C4E4338A128EC0A9B309276642751925D0B1B5C506D210DB F90C09309E56881730FC86F63B84673F3838D6F848F23DD1D9931CA7E528D131D793027E4303F4501F9E16289F2DEFE9
CLIENT_RANDOM 1F1CB4BE887107472D0DEB8D99B5E15ACAF5A5586397FF4B15256365400EC83E 3157BE259B57EB77D7DAB93589809BBCC7C607DB00565C7E51614F090FB5CF4DD70953B7F1144B60A7119EFB651C466B
CLIENT_RANDOM 593A1AFB2279D2F4B0C6C53A268B0E92EED8EDEEFDB3E6481F3A69195C6B3C53 7387A555C42894359AA7376E86684E7457421B84DD9BEFECADB233CADB4C84C2B82166370B2D49C9974C2E5754A3A880
CLIENT_RANDOM B4E40258838DBF3A6D05A0BEB976E6B6D823C677FC3E5A4723C448D2B2E4DD75 643D40A5DD96DE82A96BB59F37A0429D507B672A1693A41F6698A8B4255333FEFDD4BDD9426994DF991A38BC987D4413
CLIENT_RANDOM 548120D0BD811D069836955A33C485DA2D276ACE46DFF4C45065AC308B5D9407 FD205D0785691FB0E1F161CF1CDE4E63AEDBBB44FDA71F0D9714B5C332FCF84892A9DDB741143B17B2E0EEF852A4814E
CLIENT_RANDOM DD3D21ACEFEC3BB4AF04F7811D1D1E35742B91CB013D575634E8528C71E59ED8 FA97EBB70B8355C1E4EC0F3FB1A091C3282B8789891CB829485957289EFDA08E691AA1C0D0470DE4B003DD1139098179
CLIENT_RANDOM A2FECF0DDE5824923B3F780F27480C96E93E9C64D60FA0CFC3E7E7B0DEC176FC A9C8146F4EF43555E838AEB1DBE4D946BF45F437BB9C248B46AB08168CD1F24E40CEC0191AAB489E3EB2DCF1BC519F92
CLIENT_RANDOM C037FE0A9203C520E5953B8DD4818216D902E71D23039EBB106FC2242C47A16B C3DE7315CE5D8FCD1F1DE37A2018548100C7F2D87A31D2A67B0324BDA65963D9796648049E29D61D5F03F3EC8A995528
CLIENT_RANDOM 55C500D34EA9797361F0AA82B38DAE47F3E7AAFBE6E61029E6B679FC063B7B9D 8DA1745B68291FEDBD4D27B918004E97C7CE7DF138C17D489AA654D7D709B6B834A0D81BBF5CA415FCA5E5C56639E8E1
CLIENT_RANDOM 16336C1E645D7B8EEED9DB20C8940F2D2A54C57F7D8EEBB3B71C411ABA68A4C7 30B9A5122A37186E9C2F70B9C5C83A8E48288B90958FC20DFBE62EF3DCDC0B936F4ABC58F8BD063A6B28BA8AFCD37B92
CLIENT_RANDOM FA82856F6334BFD411715B955E12639CC85AB30D8F42A7731178F5C820EDEF0E C79EF3662CC2956C6AD33BE895B8B2A3C6C00C8E79D0B60F0E5E8ED9DCFC1BA81A080A14596FFAEC91DA2A3FA1E63423
CLIENT_RANDOM 6E51381D7C2CFAD3F86BC887C2770B72ACAE281C50E5B06651CD0EF2E7729C9F 23688BECBFEEA2EFD61A14A972EFEF2655780A806C9F24852A4A11155967CAC5B8D40AC767CF3C6BDF83C3F4F99DF06A
CLIENT_RANDOM 7317B464CDAB12D70E57EA2E752F1B5D210DDB8025BD3B58F4FA903C0CCACA5C E8CA3BB9642954B2A4B010BEC1B8B29118AAC93CD36A9BBA49C8AE793E8AFC31D60CD5D8155921025B06CA89483B0DEA
CLIENT_RANDOM 5AACBDEC418D49F283F1ED7EF9A6C9177F9AD931FE1B6714DC1CFC8F29551F6A DA6889FA5D6BA62325C64556D96BED2DA22D6F421BEED310DCD2B69E57EAD2B11746507345F3C5037F74C1109F0237A2
CLIENT_RANDOM 2D5446F332E0FC85D3B27C2F30127FCD548D96ACF42DB12E0150E9176F192F1F 5D8E6397EA8DEED710F0CBFB462E83F0D53C11F612827EC975A887BCC21DCDC28F58B75C972AF575328C45907CECCD6A
CLIENT_RANDOM 65CD6CC41F59745A774BE9BB460AD6093DD4306513AB9216E62F05C23BAC10C0 D21FB866E69BD809E40FA253B94035C6132BE15110E529EBC60F426E5CCA62892823D4BDDB2BC95D0113BC9CD551310C
CLIENT_RANDOM B8276691D29C59322515DCD66C3C5496A5AB0D481C271F13DECF0C23E21F7847 EE2AA70F4F47E4402054DAA889F300D664306C28B398C2E7F0B79B4435FAAECCDB23AC89552C1F1890CCC5755572D552
CLIENT_RANDOM 57059C0B0244AD1A03D16A1E51739659D620767635BB115E3FE8F23AA639918E 123CEC4FDB1D5F10889881357887A55A44DEEF6A182E48EBC94F312BCB6C5B8394661C84433B2B8B8C2DCE6391BAEBEB
CLIENT_RANDOM D7D1E0894640689A1B595FAB5B7746677BDF02A0F01D98D796AD402BA5073DE5 E4652B0B58B7EB0A131E6AD152065F21C7E5C8BCA429E073B3BD09D5D6669F6512F3E7094924EF5AF2B30FDE89C87723
CLIENT_RANDOM 90F75B04A68425EA175F35AD5BF31B21CBAD76F2A0D1C8E47592804C3635D6A9 8522B0677493B610CBBBA2C5A17F2A786202695711C992A583E3F9FF3FB3CCF6CC79422FFAC3BA5877BDD6D5AD7C4CD4
CLIENT_RANDOM 2FA58512ED7EEAB1C37880F43ED58ED1A6D6E8CF7813E332498275F00B676BD0 E4A7ABBF230079FBA1069F164D21B38726149D92C1B9ABB8E9708A5863321AE8CA1E9DE2ADD6B211BE85A71C68BA83A0
CLIENT_RANDOM 996FF35C455E627DB613CEA7E3DB831B1AA84B1AF93107A3BFB31D9ECE52BB9F 96756D0CA8D85D76589EFEC1F2E3EA4E13C042D9BAD94DDC122B89921E29B98CEC5FCC13DC78C7FF2A13BB79CBD3BD4F
CLIENT_RANDOM F59CB205250E174304F2BA30428020B857B4E835608B1EDE96AFB1D6F82C5DAB 34A94185A686F5CCB12686AFA532E462D7FCED6A9B87B4B05899CD4210E1CA33263291ED722BFE0A20EE9AFA0310DA04
CLIENT_RANDOM 4BF096B53764F7A220E581BF0A2379948DD398DF96D1A947F21BCF65A1E56E98 AE033BC3BD1A0EEF24B1FD4C54CFD6D74085E2E4092666E34A7B1A37BBE81E733A2CB020ADBC89CEE2556F72E288A2AA
CLIENT_RANDOM 9A2018311D04125CAD14EB871AF1107829617BCFDBD9D8DA9B8A9B3272F07AF9 CC461A152F44AED82DD92EA75E9BC6CC1BFA975278F971A45EF1CF6FB64073E04DDD296BE6B5402E03B8DA165CAC862B
CLIENT_RANDOM 89CDCD93D15281E53DE17D0BC371E13C7C45C5520A303D5E32E052C178A124F7 F60B42C45C877487B24F82DB59CCEED15AFD6AC691B5250C26C2A1ECAD02438EDDF6EC5CF45864ECAC402C3930958432
CLIENT_RANDOM FC45A0CC36C3D5FB14D57C9BD8B4FBD5A99BCF941E9387B02F6ED7C8C24425AE EA1A8BE647898B663EA963776CFAF8FC51B356FB59F9D98A965F88790B8C2B7BE16DF2C45EC74DF147806C84C9239F8B
CLIENT_RANDOM 57054526547B11A6C1415F1700607F26ECB4017FBB4302EEDEE1ECBB8AC43CF3 FF0637C226149BD4E721FCA7872F32C5690417FCEC09FA343AF70D9DB0A8361CE17C427C183F0ACD51B55047E2278CB4
CLIENT_RANDOM 6B8F87C12F077373DDB17E2511D799DA0B20B9A9C1AB00D1D4DA2F1F19CE3420 A5BE66F28318C9C12CB40064101A31E0D176750629D79909238F2342609A5402EABBDD1DB78E8A370D50AC208EB46702
CLIENT_RANDOM E22BEE24F1506E532C02E163EC0882627637512DB06C7235847DAE317D2399D8 CA51EC43A28AFED072ACE08F8D71433354064C407F54A9ED061A8EA410536384ED6DB567EA8013A8E15D4295F151EBF8
